<?xml version="1.0" encoding="UTF-8"?>
<!-- Generated by org.testng.reporters.JUnitReportReporter -->
<testsuite hostname="MBJR-3.local" failures="0" tests="1" name="com.opensource.qa.Admin" time="8.843" errors="0" timestamp="09 mar 2022 04:02:39 GMT" skipped="0">
  <testcase classname="com.opensource.qa.Admin" name="tc001AdminSearchEmployee" time="8.843"/>
</testsuite> <!-- com.opensource.qa.Admin -->
