<?xml version="1.0" encoding="UTF-8"?>
<!-- Generated by org.testng.reporters.JUnitReportReporter -->
<testsuite hostname="MBJR-3.local" failures="0" tests="1" name="com.facebook.ejercicioBasico" time="4.743" errors="0" timestamp="23 feb 2022 14:16:10 GMT" skipped="0">
  <testcase classname="com.facebook.ejercicioBasico" name="facebookTest" time="4.743"/>
</testsuite> <!-- com.facebook.ejercicioBasico -->
