<?xml version="1.0" encoding="UTF-8"?>
<!-- Generated by org.testng.reporters.JUnitReportReporter -->
<testsuite hostname="MBJR-3.local" failures="0" tests="1" name="com.opensource.qa.Admin" time="13.251" errors="0" timestamp="05 mar 2022 06:17:43 GMT" skipped="0">
  <testcase classname="com.opensource.qa.Admin" name="tc003AdminAddNewUser" time="13.251"/>
</testsuite> <!-- com.opensource.qa.Admin -->
