<?xml version="1.0" encoding="UTF-8"?>
<!-- Generated by org.testng.reporters.JUnitReportReporter -->
<testsuite hostname="MBJR-3.local" failures="0" tests="1" name="com.google.FirstTest" time="4.065" errors="0" timestamp="12 feb 2022 19:23:50 GMT" skipped="0">
  <testcase classname="com.google.FirstTest" name="googleTest" time="4.065"/>
</testsuite> <!-- com.google.FirstTest -->
