<?xml version="1.0" encoding="UTF-8"?>
<!-- Generated by org.testng.reporters.JUnitReportReporter -->
<testsuite hostname="MBJR-3.local" failures="0" tests="1" name="com.opensource.qa.AdminPOM" time="10.232" errors="0" timestamp="11 mar 2022 03:56:13 GMT" skipped="0">
  <testcase classname="com.opensource.qa.AdminPOM" name="tc004AdminDeleteUserPOM" time="10.232"/>
</testsuite> <!-- com.opensource.qa.AdminPOM -->
